\BOOKMARK [1][-]{section.0}{\376\377\000G\000l\000o\000s\000s\000a\000r\000i\000o}{}% 1
\BOOKMARK [2][-]{subsection.0.1}{\376\377\000D\000e\000f\000i\000n\000i\000z\000i\000o\000n\000i}{section.0}% 2
\BOOKMARK [2][-]{subsection.0.2}{\376\377\000A\000c\000r\000o\000n\000i\000m\000i}{section.0}% 3
\BOOKMARK [1][-]{section.1}{\376\377\000I\000n\000t\000r\000o\000d\000u\000z\000i\000o\000n\000e}{}% 4
\BOOKMARK [2][-]{subsection.1.1}{\376\377\000C\000o\000s\000a\000\040\000c\000o\000n\000t\000i\000e\000n\000e\000\040\000q\000u\000e\000s\000t\000a\000\040\000d\000o\000c\000u\000m\000e\000n\000t\000a\000z\000i\000o\000n\000e}{section.1}% 5
\BOOKMARK [2][-]{subsection.1.2}{\376\377\000T\000e\000c\000n\000o\000l\000o\000g\000i\000e\000\040\000u\000t\000i\000l\000i\000z\000z\000a\000t\000e}{section.1}% 6
\BOOKMARK [1][-]{section.2}{\376\377\000A\000n\000a\000l\000i\000s\000i\000\040\000d\000e\000i\000\040\000r\000e\000q\000u\000i\000s\000i\000t\000i}{}% 7
\BOOKMARK [2][-]{subsection.2.1}{\376\377\000R\000e\000q\000u\000i\000s\000i\000t\000i\000\040\000d\000e\000l\000\040\000s\000o\000f\000t\000w\000a\000r\000e}{section.2}% 8
\BOOKMARK [3][-]{subsubsection.2.1.1}{\376\377\000R\000e\000q\000u\000i\000s\000i\000t\000i\000\040\000f\000u\000n\000z\000i\000o\000n\000a\000l\000i}{subsection.2.1}% 9
\BOOKMARK [2][-]{subsection.2.2}{\376\377\000R\000e\000q\000u\000i\000s\000i\000t\000i\000\040\000n\000o\000n\000\040\000f\000u\000n\000z\000i\000o\000n\000a\000l\000i}{section.2}% 10
\BOOKMARK [2][-]{subsection.2.3}{\376\377\000R\000e\000q\000u\000i\000s\000i\000t\000i\000\040\000d\000i\000\040\000d\000o\000m\000i\000n\000i\000o}{section.2}% 11
\BOOKMARK [2][-]{subsection.2.4}{\376\377\000M\000o\000d\000e\000l\000l\000a\000z\000i\000o\000n\000e\000\040\000d\000e\000i\000\040\000c\000a\000s\000i\000\040\000d\000'\000u\000s\000o}{section.2}% 12
\BOOKMARK [3][-]{subsubsection.2.4.1}{\376\377\000U\000s\000e\000-\000c\000a\000s\000e\000\040\000g\000e\000n\000e\000r\000a\000l\000e}{subsection.2.4}% 13
\BOOKMARK [3][-]{subsubsection.2.4.2}{\376\377\000C\000r\000e\000a\000z\000i\000o\000n\000e\000\040\000p\000i\000a\000t\000t\000o}{subsection.2.4}% 14
\BOOKMARK [3][-]{subsubsection.2.4.3}{\376\377\000E\000l\000i\000m\000i\000n\000a\000z\000i\000o\000n\000e\000\040\000p\000i\000a\000t\000t\000o}{subsection.2.4}% 15
\BOOKMARK [3][-]{subsubsection.2.4.4}{\376\377\000C\000r\000e\000a\000z\000i\000o\000n\000e\000\040\000o\000r\000d\000i\000n\000a\000z\000i\000o\000n\000e}{subsection.2.4}% 16
\BOOKMARK [3][-]{subsubsection.2.4.5}{\376\377\000C\000r\000e\000a\000z\000i\000o\000n\000e\000\040\000n\000o\000t\000i\000f\000i\000c\000a}{subsection.2.4}% 17
\BOOKMARK [2][-]{subsection.2.5}{\376\377\000T\000a\000b\000e\000l\000l\000e\000\040\000c\000o\000c\000k\000b\000u\000r\000n}{section.2}% 18
\BOOKMARK [3][-]{subsubsection.2.5.1}{\376\377\000C\000r\000e\000a\000z\000i\000o\000n\000e\000\040\000o\000r\000d\000i\000n\000a\000z\000i\000o\000n\000e}{subsection.2.5}% 19
\BOOKMARK [3][-]{subsubsection.2.5.2}{\376\377\000E\000l\000i\000m\000i\000n\000a\000z\000i\000o\000n\000e\000\040\000p\000i\000a\000t\000t\000o}{subsection.2.5}% 20
\BOOKMARK [3][-]{subsubsection.2.5.3}{\376\377\000C\000r\000e\000a\000z\000i\000o\000n\000e\000\040\000p\000i\000a\000t\000t\000o}{subsection.2.5}% 21
\BOOKMARK [3][-]{subsubsection.2.5.4}{\376\377\000C\000r\000e\000a\000z\000i\000o\000n\000e\000\040\000n\000o\000t\000i\000f\000i\000c\000a}{subsection.2.5}% 22
\BOOKMARK [2][-]{subsection.2.6}{\376\377\000M\000o\000c\000k\000-\000U\000p}{section.2}% 23
\BOOKMARK [3][-]{subsubsection.2.6.1}{\376\377\000C\000r\000e\000a\000z\000i\000o\000n\000e\000\040\000o\000r\000d\000i\000n\000a\000z\000i\000o\000n\000e}{subsection.2.6}% 24
\BOOKMARK [3][-]{subsubsection.2.6.2}{\376\377\000E\000l\000i\000m\000i\000n\000a\000z\000i\000o\000n\000e\000\040\000p\000i\000a\000t\000t\000o}{subsection.2.6}% 25
\BOOKMARK [3][-]{subsubsection.2.6.3}{\376\377\000C\000r\000e\000a\000z\000i\000o\000n\000e\000\040\000p\000i\000a\000t\000t\000o}{subsection.2.6}% 26
\BOOKMARK [3][-]{subsubsection.2.6.4}{\376\377\000C\000r\000e\000a\000z\000i\000o\000n\000e\000\040\000n\000o\000t\000i\000f\000i\000c\000a}{subsection.2.6}% 27
\BOOKMARK [2][-]{subsection.2.7}{\376\377\000I\000n\000d\000i\000v\000i\000d\000u\000a\000z\000i\000o\000n\000e\000\040\000d\000e\000l\000\040\000t\000a\000r\000g\000e\000t\000\040\000a\000\040\000p\000r\000i\000o\000r\000i}{section.2}% 28
\BOOKMARK [3][-]{subsubsection.2.7.1}{\376\377\000P\000e\000r\000s\000o\000n\000a\000s}{subsection.2.7}% 29
\BOOKMARK [2][-]{subsection.2.8}{\376\377\000V\000a\000l\000u\000t\000a\000z\000i\000o\000n\000e\000\040\000d\000e\000l\000l\000'\000u\000s\000a\000b\000i\000l\000i\000t\000\340\000\040\000a\000\040\000p\000r\000i\000o\000r\000i}{section.2}% 30
\BOOKMARK [3][-]{subsubsection.2.8.1}{\376\377\000T\000e\000c\000n\000i\000c\000a\000\040\000u\000t\000i\000l\000i\000z\000z\000a\000t\000a}{subsection.2.8}% 31
\BOOKMARK [1][-]{section.3}{\376\377\000S\000p\000e\000c\000i\000f\000i\000c\000a\000\040\000d\000e\000i\000\040\000c\000a\000s\000i\000\040\000d\000'\000u\000s\000o}{}% 32
\BOOKMARK [2][-]{subsection.3.1}{\376\377\000C\000l\000a\000s\000s\000i\000,\000\040\000o\000g\000g\000e\000t\000t\000i\000\040\000e\000\040\000r\000e\000l\000a\000z\000i\000o\000n\000i\000\040\000d\000i\000\040\000a\000n\000a\000l\000i\000s\000i}{section.3}% 33
\BOOKMARK [2][-]{subsection.3.2}{\376\377\000C\000l\000a\000s\000s\000\040\000d\000i\000a\000g\000r\000a\000m\000\040\000d\000i\000\040\000a\000n\000a\000l\000i\000s\000i\000\040\000-\000\040\000G\000e\000s\000t\000i\000o\000n\000e\000\040\000m\000e\000n\000\371}{section.3}% 34
\BOOKMARK [2][-]{subsection.3.3}{\376\377\000C\000l\000a\000s\000s\000\040\000d\000i\000a\000g\000r\000a\000m\000\040\000-\000\040\000C\000r\000e\000a\000z\000i\000o\000n\000e\000\040\000u\000t\000e\000n\000z\000a}{section.3}% 35
\BOOKMARK [3][-]{subsubsection.3.3.1}{\376\377\000C\000l\000a\000s\000s\000\040\000d\000i\000a\000g\000r\000a\000m\000\040\000-\000\040\000A\000c\000c\000e\000s\000s\000o\000\040\000a\000l\000l\000a\000\040\000p\000i\000a\000t\000t\000a\000f\000o\000r\000m\000a}{subsection.3.3}% 36
\BOOKMARK [2][-]{subsection.3.4}{\376\377\000C\000l\000a\000s\000s\000\040\000d\000i\000a\000g\000r\000a\000m\000\040\000-\000\040\000G\000e\000s\000t\000i\000o\000n\000e\000\040\000t\000a\000v\000o\000l\000i}{section.3}% 37
\BOOKMARK [2][-]{subsection.3.5}{\376\377\000C\000l\000a\000s\000s\000\040\000d\000i\000a\000g\000r\000a\000m\000\040\000-\000\040\000G\000e\000s\000t\000i\000o\000n\000e\000\040\000n\000o\000t\000i\000f\000i\000c\000h\000e}{section.3}% 38
